Note: Line numbers for system and library calls may be incorrect 
Begin traceback...
Called from [func: __sigtramp],line 0 at 0x59f94, args=0x2 0x0 0x6e95c 0x73960
Called from [func: __filbuf],line 0 at 0x4f114, args=0x0 0x7d580 0x80 0x89
Called from [func: _s_rsFe],line 1863 at 0x2bd38, args=0x73608 0x80 0x7a9e8 0x73630
Called from [func: _rd_AW],line 1853 at 0x2e778, args=0x73800 0x26 0x75800 0x1
Called from [func: _rd_ed],line 0 at 0x2dec4, args=0x78038 0xc8 0xc8 0x2bcd8
Called from [func: _do_f_in],line 882 at 0x2d8f4, args=0x1f 0xc8 0x0 0x78038
Called from [func: aask:Far3;1;A72;13],line 55 at 0x20800, args=0x0 0x78038 0xc8 0x785bc
Called from [func: _MAIN_],line 124 at 0x1a8c8, args=0xf7fff45c 0x50 0x6b468 0x6b490
Called from [func: _main],line 0 at 0x258a4, args=0x0 0x7361c 0x1 0x2e000000
Called from [func: start],line 1294 at 0x2064, args=0x0 0x10 0xf7fff5ec 0x5c000
End traceback...
Note: Line numbers for system and library calls may be incorrect 
Begin traceback...
Called from [func: __sigtramp],line 0 at 0x59f94, args=0x2 0x0 0x6e96c 0x73970
Called from [func: __filbuf],line 0 at 0x4f114, args=0x0 0x7d590 0x80 0x89
Called from [func: _s_rsFe],line 1863 at 0x2bd38, args=0x73618 0x80 0x7a9f8 0x73640
Called from [func: _rd_AW],line 1853 at 0x2e778, args=0x73800 0x3f 0x75800 0x1
Called from [func: _rd_ed],line 0 at 0x2dec4, args=0x782f0 0x14 0x14 0x2bcd8
Called from [func: _do_f_in],line 882 at 0x2d8f4, args=0x1f 0x14 0x0 0x782f0
Called from [func: raskk:F6],line 24 at 0x23a14, args=0x0 0x782f0 0x14 0x785cc
Called from [func: _MAIN_],line 167 at 0x1af7c, args=0x6b630 0x6b664 0x30 0x44
Called from [func: _main],line 0 at 0x258a4, args=0x0 0x7362c 0x1 0x2e000000
Called from [func: start],line 1294 at 0x2064, args=0x0 0x10 0xf7fff5ec 0x5c000
End traceback...
