
# LOG_FILE/PROCEDURE
 setenv X11_INTERFACE "yes"
 setenv X_FIXED_FONT "yes"
 setenv PS_FILE "fpplot.ps"
 setenv XPS_ROTATION "0.0000"
 setenv X_WORLD_XMIN "0.0000"
 setenv X_WORLD_YMIN "0.0000"
 setenv X_WORLD_XMAX "8.5000"
 setenv X_WORLD_YMAX "11.0000"
 setenv X_XSCALE "1.0000"
 setenv X_YSCALE "1.0000"
 setenv X_XOFF "0.0000"
 setenv X_YOFF "0.0000"
 setenv X_FONT "fixed"
 setenv PS_FONT "Courier"
 setenv PS_LNWT "0.0033"
 setenv PS_FONT_SIZE "12.0000"
 setenv X_LNWIDTH "0.0000"
 setenv X_WIN_WIDTH "-1.0000"
 setenv X_WIN_HEIGHT "-1.0000"
